1510512605986	geckodriver	INFO	geckodriver 0.19.1
1510512605986	geckodriver	INFO	Listening on 127.0.0.1:62517
1510512608084	mozrunner::runner	INFO	Running command: "C:\\Program Files\\Mozilla Firefox\\firefox.exe" "-marionette" "-profile" "C:\\Users\\Lukasz\\AppData\\Local\\Temp\\rust_mozprofile.sLoeT8Wzejxl"
1510512608268	addons.manager	DEBUG	Application has been upgraded
1510512608324	addons.manager	DEBUG	Loaded provider scope for resource://gre/modules/addons/XPIProvider.jsm: ["XPIProvider", "XPIInternal"]
1510512608328	addons.manager	DEBUG	Loaded provider scope for resource://gre/modules/LightweightThemeManager.jsm: ["LightweightThemeManager"]
1510512608353	addons.manager	DEBUG	Loaded provider scope for resource://gre/modules/addons/GMPProvider.jsm
1510512608356	addons.manager	DEBUG	Loaded provider scope for resource://gre/modules/addons/PluginProvider.jsm
1510512608356	addons.manager	DEBUG	Starting provider: XPIProvider
1510512608357	addons.xpi	DEBUG	startup
1510512608357	addons.xpi	INFO	SystemAddonInstallLocation directory is missing
1510512608357	addons.xpi	INFO	Removing all system add-on upgrades.
1510512608359	addons.xpi	DEBUG	checkForChanges
1510512608359	addons.xpi	WARN	Error parsing extensions state: [Exception... "Component returned failure code: 0x80520012 (NS_ERROR_FILE_NOT_FOUND) [amIAddonManagerStartup.readStartupData]"  nsresult: "0x80520012 (NS_ERROR_FILE_NOT_FOUND)"  location: "JS frame :: resource://gre/modules/addons/XPIProvider.jsm :: loadExtensionState :: line 1554"  data: no] Stack trace: loadExtensionState()@resource://gre/modules/addons/XPIProvider.jsm:1554 < getInstallState()@resource://gre/modules/addons/XPIProvider.jsm:1589 < checkForChanges()@resource://gre/modules/addons/XPIProvider.jsm:3109 < startup()@resource://gre/modules/addons/XPIProvider.jsm:2188 < callProvider()@resource://gre/modules/AddonManager.jsm:269 < _startProvider()@resource://gre/modules/AddonManager.jsm:739 < startup()@resource://gre/modules/AddonManager.jsm:906 < startup()@resource://gre/modules/AddonManager.jsm:3090 < observe()@jar:file:///C:/Program%20Files/Mozilla%20Firefox/omni.ja!/components/addonManager.js:65
1510512608361	addons.xpi	DEBUG	Loaded add-on state: ${}
1510512608362	addons.xpi	INFO	Mapping activity-stream@mozilla.org to C:\Program Files\Mozilla Firefox\browser\features\activity-stream@mozilla.org.xpi
1510512608363	addons.xpi	INFO	Mapping aushelper@mozilla.org to C:\Program Files\Mozilla Firefox\browser\features\aushelper@mozilla.org.xpi
1510512608363	addons.xpi	INFO	Mapping clicktoplay-rollout@mozilla.org to C:\Program Files\Mozilla Firefox\browser\features\clicktoplay-rollout@mozilla.org.xpi
1510512608363	addons.xpi	INFO	Mapping e10srollout@mozilla.org to C:\Program Files\Mozilla Firefox\browser\features\e10srollout@mozilla.org.xpi
1510512608363	addons.xpi	INFO	Mapping firefox@getpocket.com to C:\Program Files\Mozilla Firefox\browser\features\firefox@getpocket.com.xpi
1510512608363	addons.xpi	INFO	Mapping followonsearch@mozilla.com to C:\Program Files\Mozilla Firefox\browser\features\followonsearch@mozilla.com.xpi
1510512608364	addons.xpi	INFO	Mapping formautofill@mozilla.org to C:\Program Files\Mozilla Firefox\browser\features\formautofill@mozilla.org.xpi
1510512608364	addons.xpi	INFO	Mapping onboarding@mozilla.org to C:\Program Files\Mozilla Firefox\browser\features\onboarding@mozilla.org.xpi
1510512608364	addons.xpi	INFO	Mapping screenshots@mozilla.org to C:\Program Files\Mozilla Firefox\browser\features\screenshots@mozilla.org.xpi
1510512608364	addons.xpi	INFO	Mapping shield-recipe-client@mozilla.org to C:\Program Files\Mozilla Firefox\browser\features\shield-recipe-client@mozilla.org.xpi
1510512608365	addons.xpi	INFO	Mapping webcompat@mozilla.org to C:\Program Files\Mozilla Firefox\browser\features\webcompat@mozilla.org.xpi
1510512608365	addons.xpi	DEBUG	New add-on activity-stream@mozilla.org in app-system-defaults
1510512608365	addons.xpi	INFO	Mapping activity-stream@mozilla.org to C:\Program Files\Mozilla Firefox\browser\features\activity-stream@mozilla.org.xpi
1510512608366	addons.xpi	DEBUG	New add-on aushelper@mozilla.org in app-system-defaults
1510512608366	addons.xpi	INFO	Mapping aushelper@mozilla.org to C:\Program Files\Mozilla Firefox\browser\features\aushelper@mozilla.org.xpi
1510512608367	addons.xpi	DEBUG	New add-on clicktoplay-rollout@mozilla.org in app-system-defaults
1510512608367	addons.xpi	INFO	Mapping clicktoplay-rollout@mozilla.org to C:\Program Files\Mozilla Firefox\browser\features\clicktoplay-rollout@mozilla.org.xpi
1510512608367	addons.xpi	DEBUG	New add-on e10srollout@mozilla.org in app-system-defaults
1510512608368	addons.xpi	INFO	Mapping e10srollout@mozilla.org to C:\Program Files\Mozilla Firefox\browser\features\e10srollout@mozilla.org.xpi
1510512608368	addons.xpi	DEBUG	New add-on firefox@getpocket.com in app-system-defaults
1510512608368	addons.xpi	INFO	Mapping firefox@getpocket.com to C:\Program Files\Mozilla Firefox\browser\features\firefox@getpocket.com.xpi
1510512608368	addons.xpi	DEBUG	New add-on followonsearch@mozilla.com in app-system-defaults
1510512608368	addons.xpi	INFO	Mapping followonsearch@mozilla.com to C:\Program Files\Mozilla Firefox\browser\features\followonsearch@mozilla.com.xpi
1510512608369	addons.xpi	DEBUG	New add-on formautofill@mozilla.org in app-system-defaults
1510512608369	addons.xpi	INFO	Mapping formautofill@mozilla.org to C:\Program Files\Mozilla Firefox\browser\features\formautofill@mozilla.org.xpi
1510512608369	addons.xpi	DEBUG	New add-on onboarding@mozilla.org in app-system-defaults
1510512608369	addons.xpi	INFO	Mapping onboarding@mozilla.org to C:\Program Files\Mozilla Firefox\browser\features\onboarding@mozilla.org.xpi
1510512608369	addons.xpi	DEBUG	New add-on screenshots@mozilla.org in app-system-defaults
1510512608369	addons.xpi	INFO	Mapping screenshots@mozilla.org to C:\Program Files\Mozilla Firefox\browser\features\screenshots@mozilla.org.xpi
1510512608370	addons.xpi	DEBUG	New add-on shield-recipe-client@mozilla.org in app-system-defaults
1510512608370	addons.xpi	INFO	Mapping shield-recipe-client@mozilla.org to C:\Program Files\Mozilla Firefox\browser\features\shield-recipe-client@mozilla.org.xpi
1510512608370	addons.xpi	DEBUG	New add-on webcompat@mozilla.org in app-system-defaults
1510512608370	addons.xpi	INFO	Mapping webcompat@mozilla.org to C:\Program Files\Mozilla Firefox\browser\features\webcompat@mozilla.org.xpi
1510512608371	addons.xpi	INFO	Mapping {972ce4c6-7e08-4474-a285-3208198ce6fd} to C:\Program Files\Mozilla Firefox\browser\extensions\{972ce4c6-7e08-4474-a285-3208198ce6fd}.xpi
1510512608371	addons.xpi	DEBUG	New add-on {972ce4c6-7e08-4474-a285-3208198ce6fd} in app-global
1510512608371	addons.xpi	INFO	Mapping {972ce4c6-7e08-4474-a285-3208198ce6fd} to C:\Program Files\Mozilla Firefox\browser\extensions\{972ce4c6-7e08-4474-a285-3208198ce6fd}.xpi
1510512608372	addons.xpi	DEBUG	getInstallState changed: true, state: {}
1510512608372	addons.xpi	INFO	SystemAddonInstallLocation directory is missing
1510512608378	addons.xpi-utils	DEBUG	Opening XPI database C:\Users\Lukasz\AppData\Local\Temp\rust_mozprofile.sLoeT8Wzejxl\extensions.json
1510512608380	addons.xpi-utils	DEBUG	New add-on activity-stream@mozilla.org installed in app-system-defaults
*** Blocklist::_loadBlocklistFromFile: blocklist is disabled
1510512608405	DeferredSave.extensions.json	DEBUG	Save changes
1510512608406	addons.xpi-utils	DEBUG	New add-on aushelper@mozilla.org installed in app-system-defaults
1510512608408	DeferredSave.extensions.json	DEBUG	Starting timer
1510512608411	DeferredSave.extensions.json	DEBUG	Save changes
1510512608411	addons.xpi-utils	DEBUG	New add-on clicktoplay-rollout@mozilla.org installed in app-system-defaults
1510512608414	DeferredSave.extensions.json	DEBUG	Save changes
1510512608414	addons.xpi-utils	DEBUG	New add-on e10srollout@mozilla.org installed in app-system-defaults
1510512608418	DeferredSave.extensions.json	DEBUG	Save changes
1510512608418	addons.xpi-utils	DEBUG	New add-on firefox@getpocket.com installed in app-system-defaults
1510512608422	DeferredSave.extensions.json	DEBUG	Save changes
1510512608422	addons.xpi-utils	DEBUG	New add-on followonsearch@mozilla.com installed in app-system-defaults
1510512608426	DeferredSave.extensions.json	DEBUG	Save changes
1510512608426	addons.xpi-utils	DEBUG	New add-on formautofill@mozilla.org installed in app-system-defaults
1510512608429	DeferredSave.extensions.json	DEBUG	Save changes
1510512608429	addons.xpi-utils	DEBUG	New add-on onboarding@mozilla.org installed in app-system-defaults
1510512608432	DeferredSave.extensions.json	DEBUG	Save changes
1510512608432	addons.xpi-utils	DEBUG	New add-on screenshots@mozilla.org installed in app-system-defaults
1510512608437	DeferredSave.extensions.json	DEBUG	Save changes
1510512608437	addons.xpi-utils	DEBUG	New add-on shield-recipe-client@mozilla.org installed in app-system-defaults
1510512608440	DeferredSave.extensions.json	DEBUG	Save changes
1510512608441	addons.xpi-utils	DEBUG	New add-on webcompat@mozilla.org installed in app-system-defaults
1510512608446	DeferredSave.extensions.json	DEBUG	Save changes
1510512608446	addons.xpi-utils	DEBUG	New add-on {972ce4c6-7e08-4474-a285-3208198ce6fd} installed in app-global
1510512608449	DeferredSave.extensions.json	DEBUG	Save changes
1510512608450	addons.manager	DEBUG	Registering startup change 'installed' for activity-stream@mozilla.org
1510512608458	addons.xpi	DEBUG	Loading bootstrap scope from C:\Program Files\Mozilla Firefox\browser\features\activity-stream@mozilla.org.xpi
1510512608461	addons.xpi	DEBUG	Calling bootstrap method install on activity-stream@mozilla.org version 0.0.0
1510512608461	addons.xpi-utils	DEBUG	Make addon app-system-defaults:activity-stream@mozilla.org visible
1510512608462	addons.xpi	DEBUG	Updating XPIState for {"id":"activity-stream@mozilla.org","syncGUID":"{1ed875ad-63b5-4c50-87c4-55a5111ef327}","location":"app-system-defaults","version":"0.0.0","type":"extension","internalName":null,"updateURL":null,"updateKey":null,"optionsURL":null,"optionsType":null,"aboutURL":null,"defaultLocale":{"name":"Activity Stream","description":"A rich visual history feed and a reimagined home page make it easier than ever to find exactly what you're looking for in Firefox.","creator":null,"homepageURL":null},"visible":true,"active":false,"userDisabled":false,"appDisabled":false,"installDate":1510508446353,"updateDate":1510508446353,"applyBackgroundUpdates":1,"bootstrap":true,"path":"C:\\Program Files\\Mozilla Firefox\\browser\\features\\activity-stream@mozilla.org.xpi","skinnable":false,"size":1280298,"sourceURI":null,"releaseNotesURI":null,"softDisabled":false,"foreignInstall":false,"hasBinaryComponents":false,"strictCompatibility":false,"locales":[],"targetApplications":[{"id":"{ec8030f7-c20a-464f-9b0e-13a3a9e97384}","minVersion":"56.0.2","maxVersion":"56.*"}],"targetPlatforms":[],"multiprocessCompatible":true,"seen":true,"dependencies":[],"hasEmbeddedWebExtension":false,"mpcOptedOut":false,"userPermissions":null,"icons":{},"iconURL":null,"icon64URL":null,"blocklistState":0,"blocklistURL":null}
1510512608464	DeferredSave.extensions.json	DEBUG	Save changes
1510512608464	addons.manager	DEBUG	Registering startup change 'installed' for aushelper@mozilla.org
1510512608465	addons.xpi	DEBUG	Loading bootstrap scope from C:\Program Files\Mozilla Firefox\browser\features\aushelper@mozilla.org.xpi
1510512608467	addons.xpi	DEBUG	Calling bootstrap method install on aushelper@mozilla.org version 2.0
1510512608468	addons.xpi-utils	DEBUG	Make addon app-system-defaults:aushelper@mozilla.org visible
1510512608468	addons.xpi	DEBUG	Updating XPIState for {"id":"aushelper@mozilla.org","syncGUID":"{949917ff-4088-4a21-b74b-21e306bd44c0}","location":"app-system-defaults","version":"2.0","type":"extension","internalName":null,"updateURL":null,"updateKey":null,"optionsURL":null,"optionsType":null,"aboutURL":null,"defaultLocale":{"name":"Application Update Service Helper","description":"Sets value(s) in the update url based on custom checks.","creator":null,"homepageURL":null},"visible":true,"active":false,"userDisabled":false,"appDisabled":false,"installDate":1510508446332,"updateDate":1510508446332,"applyBackgroundUpdates":1,"bootstrap":true,"path":"C:\\Program Files\\Mozilla Firefox\\browser\\features\\aushelper@mozilla.org.xpi","skinnable":false,"size":8488,"sourceURI":null,"releaseNotesURI":null,"softDisabled":false,"foreignInstall":false,"hasBinaryComponents":false,"strictCompatibility":false,"locales":[],"targetApplications":[{"id":"{ec8030f7-c20a-464f-9b0e-13a3a9e97384}","minVersion":"56.0.2","maxVersion":"56.*"}],"targetPlatforms":[],"multiprocessCompatible":true,"seen":true,"dependencies":[],"hasEmbeddedWebExtension":false,"mpcOptedOut":false,"userPermissions":null,"icons":{},"iconURL":null,"icon64URL":null,"blocklistState":0,"blocklistURL":null}
1510512608468	DeferredSave.extensions.json	DEBUG	Save changes
1510512608468	addons.manager	DEBUG	Registering startup change 'installed' for clicktoplay-rollout@mozilla.org
1510512608469	addons.xpi	DEBUG	Loading bootstrap scope from C:\Program Files\Mozilla Firefox\browser\features\clicktoplay-rollout@mozilla.org.xpi
1510512608479	addons.xpi	DEBUG	Calling bootstrap method install on clicktoplay-rollout@mozilla.org version 1.4
1510512608479	addons.xpi-utils	DEBUG	Make addon app-system-defaults:clicktoplay-rollout@mozilla.org visible
1510512608480	addons.xpi	DEBUG	Updating XPIState for {"id":"clicktoplay-rollout@mozilla.org","syncGUID":"{2d02d706-8822-418b-bffd-47564f2694fb}","location":"app-system-defaults","version":"1.4","type":"extension","internalName":null,"updateURL":null,"updateKey":null,"optionsURL":null,"optionsType":null,"aboutURL":null,"defaultLocale":{"name":"Click-to-Play staged rollout","description":"Staged rollout for Click-to-Play Flash.","creator":null,"homepageURL":null},"visible":true,"active":false,"userDisabled":false,"appDisabled":false,"installDate":1510508446308,"updateDate":1510508446308,"applyBackgroundUpdates":1,"bootstrap":true,"path":"C:\\Program Files\\Mozilla Firefox\\browser\\features\\clicktoplay-rollout@mozilla.org.xpi","skinnable":false,"size":5781,"sourceURI":null,"releaseNotesURI":null,"softDisabled":false,"foreignInstall":false,"hasBinaryComponents":false,"strictCompatibility":false,"locales":[],"targetApplications":[{"id":"{ec8030f7-c20a-464f-9b0e-13a3a9e97384}","minVersion":"56.0.2","maxVersion":"56.*"}],"targetPlatforms":[],"multiprocessCompatible":true,"seen":true,"dependencies":[],"hasEmbeddedWebExtension":false,"mpcOptedOut":false,"userPermissions":null,"icons":{},"iconURL":null,"icon64URL":null,"blocklistState":0,"blocklistURL":null}
1510512608480	DeferredSave.extensions.json	DEBUG	Save changes
1510512608480	addons.manager	DEBUG	Registering startup change 'installed' for e10srollout@mozilla.org
1510512608481	addons.xpi	DEBUG	Loading bootstrap scope from C:\Program Files\Mozilla Firefox\browser\features\e10srollout@mozilla.org.xpi
1510512608483	addons.xpi	DEBUG	Calling bootstrap method install on e10srollout@mozilla.org version 3.00
1510512608484	addons.xpi-utils	DEBUG	Make addon app-system-defaults:e10srollout@mozilla.org visible
1510512608485	addons.xpi	DEBUG	Updating XPIState for {"id":"e10srollout@mozilla.org","syncGUID":"{dbdfa823-ada0-4102-90b4-8bd3de3f7510}","location":"app-system-defaults","version":"3.00","type":"extension","internalName":null,"updateURL":null,"updateKey":null,"optionsURL":null,"optionsType":null,"aboutURL":null,"defaultLocale":{"name":"Multi-process staged rollout","description":"Staged rollout of Firefox multi-process feature.","creator":null,"homepageURL":null},"visible":true,"active":false,"userDisabled":false,"appDisabled":false,"installDate":1510508446277,"updateDate":1510508446277,"applyBackgroundUpdates":1,"bootstrap":true,"path":"C:\\Program Files\\Mozilla Firefox\\browser\\features\\e10srollout@mozilla.org.xpi","skinnable":false,"size":13712,"sourceURI":null,"releaseNotesURI":null,"softDisabled":false,"foreignInstall":false,"hasBinaryComponents":false,"strictCompatibility":false,"locales":[],"targetApplications":[{"id":"{ec8030f7-c20a-464f-9b0e-13a3a9e97384}","minVersion":"56.0.2","maxVersion":"56.*"}],"targetPlatforms":[],"multiprocessCompatible":true,"seen":true,"dependencies":[],"hasEmbeddedWebExtension":false,"mpcOptedOut":false,"userPermissions":null,"icons":{},"iconURL":null,"icon64URL":null,"blocklistState":0,"blocklistURL":null}
1510512608485	DeferredSave.extensions.json	DEBUG	Save changes
1510512608485	addons.manager	DEBUG	Registering startup change 'installed' for firefox@getpocket.com
1510512608486	addons.xpi	DEBUG	Loading bootstrap scope from C:\Program Files\Mozilla Firefox\browser\features\firefox@getpocket.com.xpi
1510512608491	addons.xpi	DEBUG	Calling bootstrap method install on firefox@getpocket.com version 1.0.5
1510512608491	addons.xpi-utils	DEBUG	Make addon app-system-defaults:firefox@getpocket.com visible
1510512608492	addons.xpi	DEBUG	Updating XPIState for {"id":"firefox@getpocket.com","syncGUID":"{92db70b2-68ae-48fb-9c4f-8121b37f831d}","location":"app-system-defaults","version":"1.0.5","type":"extension","internalName":null,"updateURL":null,"updateKey":null,"optionsURL":null,"optionsType":null,"aboutURL":null,"defaultLocale":{"name":"Pocket","description":"When you find something you want to view later, put it in Pocket.","creator":null,"homepageURL":null},"visible":true,"active":false,"userDisabled":false,"appDisabled":false,"installDate":1510508446261,"updateDate":1510508446261,"applyBackgroundUpdates":1,"bootstrap":true,"path":"C:\\Program Files\\Mozilla Firefox\\browser\\features\\firefox@getpocket.com.xpi","skinnable":false,"size":1002034,"sourceURI":null,"releaseNotesURI":null,"softDisabled":false,"foreignInstall":false,"hasBinaryComponents":false,"strictCompatibility":false,"locales":[],"targetApplications":[{"id":"{ec8030f7-c20a-464f-9b0e-13a3a9e97384}","minVersion":"56.0.2","maxVersion":"56.*"}],"targetPlatforms":[],"multiprocessCompatible":true,"seen":true,"dependencies":[],"hasEmbeddedWebExtension":false,"mpcOptedOut":false,"userPermissions":null,"icons":{},"iconURL":null,"icon64URL":null,"blocklistState":0,"blocklistURL":null}
1510512608493	DeferredSave.extensions.json	DEBUG	Save changes
1510512608493	addons.manager	DEBUG	Registering startup change 'installed' for followonsearch@mozilla.com
1510512608494	addons.xpi	DEBUG	Loading bootstrap scope from C:\Program Files\Mozilla Firefox\browser\features\followonsearch@mozilla.com.xpi
1510512608496	addons.xpi	DEBUG	Calling bootstrap method install on followonsearch@mozilla.com version 0.9.3
1510512608497	addons.xpi-utils	DEBUG	Make addon app-system-defaults:followonsearch@mozilla.com visible
1510512608497	addons.xpi	DEBUG	Updating XPIState for {"id":"followonsearch@mozilla.com","syncGUID":"{abfb00d5-58a7-47ab-97a9-270c52c70b3f}","location":"app-system-defaults","version":"0.9.3","type":"extension","internalName":null,"updateURL":null,"updateKey":null,"optionsURL":null,"optionsType":null,"aboutURL":null,"defaultLocale":{"name":"Follow-on Search Telemetry","description":null,"creator":null,"homepageURL":null},"visible":true,"active":false,"userDisabled":false,"appDisabled":false,"installDate":1510508386116,"updateDate":1510508386116,"applyBackgroundUpdates":1,"bootstrap":true,"path":"C:\\Program Files\\Mozilla Firefox\\browser\\features\\followonsearch@mozilla.com.xpi","skinnable":false,"size":16802,"sourceURI":null,"releaseNotesURI":null,"softDisabled":false,"foreignInstall":false,"hasBinaryComponents":false,"strictCompatibility":false,"locales":[],"targetApplications":[{"id":"{ec8030f7-c20a-464f-9b0e-13a3a9e97384}","minVersion":"52.0","maxVersion":"59.*"}],"targetPlatforms":[],"multiprocessCompatible":true,"seen":true,"dependencies":[],"hasEmbeddedWebExtension":false,"mpcOptedOut":false,"userPermissions":null,"icons":{},"iconURL":null,"icon64URL":null,"blocklistState":0,"blocklistURL":null}
1510512608497	DeferredSave.extensions.json	DEBUG	Save changes
1510512608497	addons.manager	DEBUG	Registering startup change 'installed' for formautofill@mozilla.org
1510512608498	addons.xpi	DEBUG	Loading bootstrap scope from C:\Program Files\Mozilla Firefox\browser\features\formautofill@mozilla.org.xpi
1510512608502	addons.xpi	DEBUG	Calling bootstrap method install on formautofill@mozilla.org version 1.0
1510512608502	addons.xpi-utils	DEBUG	Make addon app-system-defaults:formautofill@mozilla.org visible
1510512608503	addons.xpi	DEBUG	Updating XPIState for {"id":"formautofill@mozilla.org","syncGUID":"{81e33dcb-53e6-40e8-84e6-939366b9bef4}","location":"app-system-defaults","version":"1.0","type":"extension","internalName":null,"updateURL":null,"updateKey":null,"optionsURL":null,"optionsType":null,"aboutURL":null,"defaultLocale":{"name":"Form Autofill","description":"Autofill forms with saved profiles","creator":null,"homepageURL":null},"visible":true,"active":false,"userDisabled":false,"appDisabled":false,"installDate":1510508446214,"updateDate":1510508446214,"applyBackgroundUpdates":1,"bootstrap":true,"path":"C:\\Program Files\\Mozilla Firefox\\browser\\features\\formautofill@mozilla.org.xpi","skinnable":false,"size":335807,"sourceURI":null,"releaseNotesURI":null,"softDisabled":false,"foreignInstall":false,"hasBinaryComponents":false,"strictCompatibility":false,"locales":[],"targetApplications":[{"id":"{ec8030f7-c20a-464f-9b0e-13a3a9e97384}","minVersion":"56.0.2","maxVersion":"56.*"}],"targetPlatforms":[],"multiprocessCompatible":true,"seen":true,"dependencies":[],"hasEmbeddedWebExtension":false,"mpcOptedOut":false,"userPermissions":null,"icons":{},"iconURL":null,"icon64URL":null,"blocklistState":0,"blocklistURL":null}
1510512608503	DeferredSave.extensions.json	DEBUG	Save changes
1510512608503	addons.manager	DEBUG	Registering startup change 'installed' for onboarding@mozilla.org
1510512608504	addons.xpi	DEBUG	Loading bootstrap scope from C:\Program Files\Mozilla Firefox\browser\features\onboarding@mozilla.org.xpi
1510512608506	addons.xpi	DEBUG	Calling bootstrap method install on onboarding@mozilla.org version 0.1
1510512608507	addons.xpi-utils	DEBUG	Make addon app-system-defaults:onboarding@mozilla.org visible
1510512608507	addons.xpi	DEBUG	Updating XPIState for {"id":"onboarding@mozilla.org","syncGUID":"{d7ef5b79-0a76-4b87-ad21-2e97efcabbbd}","location":"app-system-defaults","version":"0.1","type":"extension","internalName":null,"updateURL":null,"updateKey":null,"optionsURL":null,"optionsType":null,"aboutURL":null,"defaultLocale":{"name":"Photon onboarding","description":"Photon onboarding","creator":null,"homepageURL":null},"visible":true,"active":false,"userDisabled":false,"appDisabled":false,"installDate":1510508446168,"updateDate":1510508446168,"applyBackgroundUpdates":1,"bootstrap":true,"path":"C:\\Program Files\\Mozilla Firefox\\browser\\features\\onboarding@mozilla.org.xpi","skinnable":false,"size":422179,"sourceURI":null,"releaseNotesURI":null,"softDisabled":false,"foreignInstall":false,"hasBinaryComponents":false,"strictCompatibility":false,"locales":[],"targetApplications":[{"id":"{ec8030f7-c20a-464f-9b0e-13a3a9e97384}","minVersion":"56.0.2","maxVersion":"56.*"}],"targetPlatforms":[],"multiprocessCompatible":true,"seen":true,"dependencies":[],"hasEmbeddedWebExtension":false,"mpcOptedOut":false,"userPermissions":null,"icons":{},"iconURL":null,"icon64URL":null,"blocklistState":0,"blocklistURL":null}
1510512608507	DeferredSave.extensions.json	DEBUG	Save changes
1510512608508	addons.manager	DEBUG	Registering startup change 'installed' for screenshots@mozilla.org
1510512608508	addons.xpi	DEBUG	Loading bootstrap scope from C:\Program Files\Mozilla Firefox\browser\features\screenshots@mozilla.org.xpi
1510512608510	addons.xpi	DEBUG	Calling bootstrap method install on screenshots@mozilla.org version 10.12.0
1510512608510	addons.xpi-utils	DEBUG	Make addon app-system-defaults:screenshots@mozilla.org visible
1510512608511	addons.xpi	DEBUG	Updating XPIState for {"id":"screenshots@mozilla.org","syncGUID":"{f71e3257-d16c-4b84-8ac9-fc7f9ec4170e}","location":"app-system-defaults","version":"10.12.0","type":"extension","internalName":null,"updateURL":null,"updateKey":null,"optionsURL":null,"optionsType":null,"aboutURL":null,"defaultLocale":{"name":"Firefox Screenshots","description":null,"creator":null,"homepageURL":"https://pageshot.net/"},"visible":true,"active":false,"userDisabled":false,"appDisabled":false,"installDate":1510508385984,"updateDate":1510508385984,"applyBackgroundUpdates":1,"bootstrap":true,"path":"C:\\Program Files\\Mozilla Firefox\\browser\\features\\screenshots@mozilla.org.xpi","skinnable":false,"size":714554,"sourceURI":null,"releaseNotesURI":null,"softDisabled":false,"foreignInstall":false,"hasBinaryComponents":false,"strictCompatibility":false,"locales":[],"targetApplications":[{"id":"{ec8030f7-c20a-464f-9b0e-13a3a9e97384}","minVersion":"51.0a1","maxVersion":"*"}],"targetPlatforms":[],"multiprocessCompatible":true,"seen":true,"dependencies":[],"hasEmbeddedWebExtension":false,"mpcOptedOut":false,"userPermissions":null,"icons":{},"iconURL":null,"icon64URL":null,"blocklistState":0,"blocklistURL":null}
1510512608512	DeferredSave.extensions.json	DEBUG	Save changes
1510512608512	addons.manager	DEBUG	Registering startup change 'installed' for shield-recipe-client@mozilla.org
1510512608512	addons.xpi	DEBUG	Loading bootstrap scope from C:\Program Files\Mozilla Firefox\browser\features\shield-recipe-client@mozilla.org.xpi
1510512608515	addons.xpi	DEBUG	Calling bootstrap method install on shield-recipe-client@mozilla.org version 65
1510512608515	addons.xpi-utils	DEBUG	Make addon app-system-defaults:shield-recipe-client@mozilla.org visible
1510512608515	addons.xpi	DEBUG	Updating XPIState for {"id":"shield-recipe-client@mozilla.org","syncGUID":"{acee2f8e-3730-4a49-b9c3-d14db44e5f4b}","location":"app-system-defaults","version":"65","type":"extension","internalName":null,"updateURL":null,"updateKey":null,"optionsURL":null,"optionsType":null,"aboutURL":null,"defaultLocale":{"name":"Shield Recipe Client","description":"Client to download and run recipes for SHIELD, Heartbeat, etc.","creator":null,"homepageURL":null},"visible":true,"active":false,"userDisabled":false,"appDisabled":false,"installDate":1510508446136,"updateDate":1510508446136,"applyBackgroundUpdates":1,"bootstrap":true,"path":"C:\\Program Files\\Mozilla Firefox\\browser\\features\\shield-recipe-client@mozilla.org.xpi","skinnable":false,"size":362690,"sourceURI":null,"releaseNotesURI":null,"softDisabled":false,"foreignInstall":false,"hasBinaryComponents":false,"strictCompatibility":false,"locales":[],"targetApplications":[{"id":"{ec8030f7-c20a-464f-9b0e-13a3a9e97384}","minVersion":"56.0.2","maxVersion":"56.*"}],"targetPlatforms":[],"multiprocessCompatible":true,"seen":true,"dependencies":[],"hasEmbeddedWebExtension":false,"mpcOptedOut":false,"userPermissions":null,"icons":{},"iconURL":null,"icon64URL":null,"blocklistState":0,"blocklistURL":null}
1510512608516	DeferredSave.extensions.json	DEBUG	Save changes
1510512608516	addons.manager	DEBUG	Registering startup change 'installed' for webcompat@mozilla.org
1510512608517	addons.xpi	DEBUG	Loading bootstrap scope from C:\Program Files\Mozilla Firefox\browser\features\webcompat@mozilla.org.xpi
1510512608519	addons.xpi	DEBUG	Calling bootstrap method install on webcompat@mozilla.org version 1.1
1510512608519	addons.xpi-utils	DEBUG	Make addon app-system-defaults:webcompat@mozilla.org visible
1510512608520	addons.xpi	DEBUG	Updating XPIState for {"id":"webcompat@mozilla.org","syncGUID":"{e4036ff6-7e3b-435d-af3d-09a9591dd840}","location":"app-system-defaults","version":"1.1","type":"extension","internalName":null,"updateURL":null,"updateKey":null,"optionsURL":null,"optionsType":null,"aboutURL":null,"defaultLocale":{"name":"Web Compat","description":"Urgent post-release fixes for web compatibility.","creator":null,"homepageURL":null},"visible":true,"active":false,"userDisabled":false,"appDisabled":false,"installDate":1510508446103,"updateDate":1510508446103,"applyBackgroundUpdates":1,"bootstrap":true,"path":"C:\\Program Files\\Mozilla Firefox\\browser\\features\\webcompat@mozilla.org.xpi","skinnable":false,"size":8992,"sourceURI":null,"releaseNotesURI":null,"softDisabled":false,"foreignInstall":false,"hasBinaryComponents":false,"strictCompatibility":false,"locales":[],"targetApplications":[{"id":"{ec8030f7-c20a-464f-9b0e-13a3a9e97384}","minVersion":"56.0.2","maxVersion":"56.*"}],"targetPlatforms":[],"multiprocessCompatible":true,"seen":true,"dependencies":[],"hasEmbeddedWebExtension":false,"mpcOptedOut":false,"userPermissions":null,"icons":{},"iconURL":null,"icon64URL":null,"blocklistState":0,"blocklistURL":null}
1510512608521	DeferredSave.extensions.json	DEBUG	Save changes
1510512608521	addons.xpi-utils	DEBUG	Make addon app-global:{972ce4c6-7e08-4474-a285-3208198ce6fd} visible
1510512608522	addons.xpi	DEBUG	Updating XPIState for {"id":"{972ce4c6-7e08-4474-a285-3208198ce6fd}","syncGUID":"{0af92821-1ee4-4c85-8c92-77c2fc0d08f4}","location":"app-global","version":"56.0.2","type":"theme","internalName":"classic/1.0","updateURL":null,"updateKey":null,"optionsURL":null,"optionsType":null,"optionsBrowserStyle":null,"aboutURL":null,"defaultLocale":{"name":"Default","description":"The default theme.","creator":"Mozilla","homepageURL":null,"contributors":["Mozilla Contributors"]},"visible":true,"active":false,"userDisabled":false,"appDisabled":false,"installDate":1510508446368,"updateDate":1510508446368,"applyBackgroundUpdates":1,"path":"C:\\Program Files\\Mozilla Firefox\\browser\\extensions\\{972ce4c6-7e08-4474-a285-3208198ce6fd}.xpi","skinnable":true,"size":7147,"sourceURI":null,"releaseNotesURI":null,"softDisabled":false,"foreignInstall":false,"hasBinaryComponents":false,"strictCompatibility":true,"locales":[],"targetApplications":[{"id":"{ec8030f7-c20a-464f-9b0e-13a3a9e97384}","minVersion":"56.0.2","maxVersion":"56.0.2"}],"targetPlatforms":[],"seen":true,"dependencies":[],"hasEmbeddedWebExtension":false,"userPermissions":null,"icons":{},"iconURL":"chrome://browser/content/default-theme-icon.svg","icon64URL":null,"blocklistState":0,"blocklistURL":null}
1510512608523	DeferredSave.extensions.json	DEBUG	Save changes
1510512608523	addons.xpi	DEBUG	Updating XPIState for {"id":"activity-stream@mozilla.org","syncGUID":"{1ed875ad-63b5-4c50-87c4-55a5111ef327}","location":"app-system-defaults","version":"0.0.0","type":"extension","internalName":null,"updateURL":null,"updateKey":null,"optionsURL":null,"optionsType":null,"aboutURL":null,"defaultLocale":{"name":"Activity Stream","description":"A rich visual history feed and a reimagined home page make it easier than ever to find exactly what you're looking for in Firefox.","creator":null,"homepageURL":null},"visible":true,"active":true,"userDisabled":false,"appDisabled":false,"installDate":1510508446353,"updateDate":1510508446353,"applyBackgroundUpdates":1,"bootstrap":true,"path":"C:\\Program Files\\Mozilla Firefox\\browser\\features\\activity-stream@mozilla.org.xpi","skinnable":false,"size":1280298,"sourceURI":null,"releaseNotesURI":null,"softDisabled":false,"foreignInstall":false,"hasBinaryComponents":false,"strictCompatibility":false,"locales":[],"targetApplications":[{"id":"{ec8030f7-c20a-464f-9b0e-13a3a9e97384}","minVersion":"56.0.2","maxVersion":"56.*"}],"targetPlatforms":[],"multiprocessCompatible":true,"seen":true,"dependencies":[],"hasEmbeddedWebExtension":false,"mpcOptedOut":false,"userPermissions":null,"icons":{},"iconURL":null,"icon64URL":null,"blocklistState":0,"blocklistURL":null}
1510512608523	addons.xpi	DEBUG	Updating XPIState for {"id":"aushelper@mozilla.org","syncGUID":"{949917ff-4088-4a21-b74b-21e306bd44c0}","location":"app-system-defaults","version":"2.0","type":"extension","internalName":null,"updateURL":null,"updateKey":null,"optionsURL":null,"optionsType":null,"aboutURL":null,"defaultLocale":{"name":"Application Update Service Helper","description":"Sets value(s) in the update url based on custom checks.","creator":null,"homepageURL":null},"visible":true,"active":true,"userDisabled":false,"appDisabled":false,"installDate":1510508446332,"updateDate":1510508446332,"applyBackgroundUpdates":1,"bootstrap":true,"path":"C:\\Program Files\\Mozilla Firefox\\browser\\features\\aushelper@mozilla.org.xpi","skinnable":false,"size":8488,"sourceURI":null,"releaseNotesURI":null,"softDisabled":false,"foreignInstall":false,"hasBinaryComponents":false,"strictCompatibility":false,"locales":[],"targetApplications":[{"id":"{ec8030f7-c20a-464f-9b0e-13a3a9e97384}","minVersion":"56.0.2","maxVersion":"56.*"}],"targetPlatforms":[],"multiprocessCompatible":true,"seen":true,"dependencies":[],"hasEmbeddedWebExtension":false,"mpcOptedOut":false,"userPermissions":null,"icons":{},"iconURL":null,"icon64URL":null,"blocklistState":0,"blocklistURL":null}
1510512608523	addons.xpi	DEBUG	Updating XPIState for {"id":"clicktoplay-rollout@mozilla.org","syncGUID":"{2d02d706-8822-418b-bffd-47564f2694fb}","location":"app-system-defaults","version":"1.4","type":"extension","internalName":null,"updateURL":null,"updateKey":null,"optionsURL":null,"optionsType":null,"aboutURL":null,"defaultLocale":{"name":"Click-to-Play staged rollout","description":"Staged rollout for Click-to-Play Flash.","creator":null,"homepageURL":null},"visible":true,"active":true,"userDisabled":false,"appDisabled":false,"installDate":1510508446308,"updateDate":1510508446308,"applyBackgroundUpdates":1,"bootstrap":true,"path":"C:\\Program Files\\Mozilla Firefox\\browser\\features\\clicktoplay-rollout@mozilla.org.xpi","skinnable":false,"size":5781,"sourceURI":null,"releaseNotesURI":null,"softDisabled":false,"foreignInstall":false,"hasBinaryComponents":false,"strictCompatibility":false,"locales":[],"targetApplications":[{"id":"{ec8030f7-c20a-464f-9b0e-13a3a9e97384}","minVersion":"56.0.2","maxVersion":"56.*"}],"targetPlatforms":[],"multiprocessCompatible":true,"seen":true,"dependencies":[],"hasEmbeddedWebExtension":false,"mpcOptedOut":false,"userPermissions":null,"icons":{},"iconURL":null,"icon64URL":null,"blocklistState":0,"blocklistURL":null}
1510512608524	addons.xpi	DEBUG	Updating XPIState for {"id":"e10srollout@mozilla.org","syncGUID":"{dbdfa823-ada0-4102-90b4-8bd3de3f7510}","location":"app-system-defaults","version":"3.00","type":"extension","internalName":null,"updateURL":null,"updateKey":null,"optionsURL":null,"optionsType":null,"aboutURL":null,"defaultLocale":{"name":"Multi-process staged rollout","description":"Staged rollout of Firefox multi-process feature.","creator":null,"homepageURL":null},"visible":true,"active":true,"userDisabled":false,"appDisabled":false,"installDate":1510508446277,"updateDate":1510508446277,"applyBackgroundUpdates":1,"bootstrap":true,"path":"C:\\Program Files\\Mozilla Firefox\\browser\\features\\e10srollout@mozilla.org.xpi","skinnable":false,"size":13712,"sourceURI":null,"releaseNotesURI":null,"softDisabled":false,"foreignInstall":false,"hasBinaryComponents":false,"strictCompatibility":false,"locales":[],"targetApplications":[{"id":"{ec8030f7-c20a-464f-9b0e-13a3a9e97384}","minVersion":"56.0.2","maxVersion":"56.*"}],"targetPlatforms":[],"multiprocessCompatible":true,"seen":true,"dependencies":[],"hasEmbeddedWebExtension":false,"mpcOptedOut":false,"userPermissions":null,"icons":{},"iconURL":null,"icon64URL":null,"blocklistState":0,"blocklistURL":null}
1510512608524	addons.xpi	DEBUG	Updating XPIState for {"id":"firefox@getpocket.com","syncGUID":"{92db70b2-68ae-48fb-9c4f-8121b37f831d}","location":"app-system-defaults","version":"1.0.5","type":"extension","internalName":null,"updateURL":null,"updateKey":null,"optionsURL":null,"optionsType":null,"aboutURL":null,"defaultLocale":{"name":"Pocket","description":"When you find something you want to view later, put it in Pocket.","creator":null,"homepageURL":null},"visible":true,"active":true,"userDisabled":false,"appDisabled":false,"installDate":1510508446261,"updateDate":1510508446261,"applyBackgroundUpdates":1,"bootstrap":true,"path":"C:\\Program Files\\Mozilla Firefox\\browser\\features\\firefox@getpocket.com.xpi","skinnable":false,"size":1002034,"sourceURI":null,"releaseNotesURI":null,"softDisabled":false,"foreignInstall":false,"hasBinaryComponents":false,"strictCompatibility":false,"locales":[],"targetApplications":[{"id":"{ec8030f7-c20a-464f-9b0e-13a3a9e97384}","minVersion":"56.0.2","maxVersion":"56.*"}],"targetPlatforms":[],"multiprocessCompatible":true,"seen":true,"dependencies":[],"hasEmbeddedWebExtension":false,"mpcOptedOut":false,"userPermissions":null,"icons":{},"iconURL":null,"icon64URL":null,"blocklistState":0,"blocklistURL":null}
1510512608524	addons.xpi	DEBUG	Updating XPIState for {"id":"followonsearch@mozilla.com","syncGUID":"{abfb00d5-58a7-47ab-97a9-270c52c70b3f}","location":"app-system-defaults","version":"0.9.3","type":"extension","internalName":null,"updateURL":null,"updateKey":null,"optionsURL":null,"optionsType":null,"aboutURL":null,"defaultLocale":{"name":"Follow-on Search Telemetry","description":null,"creator":null,"homepageURL":null},"visible":true,"active":true,"userDisabled":false,"appDisabled":false,"installDate":1510508386116,"updateDate":1510508386116,"applyBackgroundUpdates":1,"bootstrap":true,"path":"C:\\Program Files\\Mozilla Firefox\\browser\\features\\followonsearch@mozilla.com.xpi","skinnable":false,"size":16802,"sourceURI":null,"releaseNotesURI":null,"softDisabled":false,"foreignInstall":false,"hasBinaryComponents":false,"strictCompatibility":false,"locales":[],"targetApplications":[{"id":"{ec8030f7-c20a-464f-9b0e-13a3a9e97384}","minVersion":"52.0","maxVersion":"59.*"}],"targetPlatforms":[],"multiprocessCompatible":true,"seen":true,"dependencies":[],"hasEmbeddedWebExtension":false,"mpcOptedOut":false,"userPermissions":null,"icons":{},"iconURL":null,"icon64URL":null,"blocklistState":0,"blocklistURL":null}
1510512608524	addons.xpi	DEBUG	Updating XPIState for {"id":"formautofill@mozilla.org","syncGUID":"{81e33dcb-53e6-40e8-84e6-939366b9bef4}","location":"app-system-defaults","version":"1.0","type":"extension","internalName":null,"updateURL":null,"updateKey":null,"optionsURL":null,"optionsType":null,"aboutURL":null,"defaultLocale":{"name":"Form Autofill","description":"Autofill forms with saved profiles","creator":null,"homepageURL":null},"visible":true,"active":true,"userDisabled":false,"appDisabled":false,"installDate":1510508446214,"updateDate":1510508446214,"applyBackgroundUpdates":1,"bootstrap":true,"path":"C:\\Program Files\\Mozilla Firefox\\browser\\features\\formautofill@mozilla.org.xpi","skinnable":false,"size":335807,"sourceURI":null,"releaseNotesURI":null,"softDisabled":false,"foreignInstall":false,"hasBinaryComponents":false,"strictCompatibility":false,"locales":[],"targetApplications":[{"id":"{ec8030f7-c20a-464f-9b0e-13a3a9e97384}","minVersion":"56.0.2","maxVersion":"56.*"}],"targetPlatforms":[],"multiprocessCompatible":true,"seen":true,"dependencies":[],"hasEmbeddedWebExtension":false,"mpcOptedOut":false,"userPermissions":null,"icons":{},"iconURL":null,"icon64URL":null,"blocklistState":0,"blocklistURL":null}
1510512608524	addons.xpi	DEBUG	Updating XPIState for {"id":"onboarding@mozilla.org","syncGUID":"{d7ef5b79-0a76-4b87-ad21-2e97efcabbbd}","location":"app-system-defaults","version":"0.1","type":"extension","internalName":null,"updateURL":null,"updateKey":null,"optionsURL":null,"optionsType":null,"aboutURL":null,"defaultLocale":{"name":"Photon onboarding","description":"Photon onboarding","creator":null,"homepageURL":null},"visible":true,"active":true,"userDisabled":false,"appDisabled":false,"installDate":1510508446168,"updateDate":1510508446168,"applyBackgroundUpdates":1,"bootstrap":true,"path":"C:\\Program Files\\Mozilla Firefox\\browser\\features\\onboarding@mozilla.org.xpi","skinnable":false,"size":422179,"sourceURI":null,"releaseNotesURI":null,"softDisabled":false,"foreignInstall":false,"hasBinaryComponents":false,"strictCompatibility":false,"locales":[],"targetApplications":[{"id":"{ec8030f7-c20a-464f-9b0e-13a3a9e97384}","minVersion":"56.0.2","maxVersion":"56.*"}],"targetPlatforms":[],"multiprocessCompatible":true,"seen":true,"dependencies":[],"hasEmbeddedWebExtension":false,"mpcOptedOut":false,"userPermissions":null,"icons":{},"iconURL":null,"icon64URL":null,"blocklistState":0,"blocklistURL":null}
1510512608524	addons.xpi	DEBUG	Updating XPIState for {"id":"screenshots@mozilla.org","syncGUID":"{f71e3257-d16c-4b84-8ac9-fc7f9ec4170e}","location":"app-system-defaults","version":"10.12.0","type":"extension","internalName":null,"updateURL":null,"updateKey":null,"optionsURL":null,"optionsType":null,"aboutURL":null,"defaultLocale":{"name":"Firefox Screenshots","description":null,"creator":null,"homepageURL":"https://pageshot.net/"},"visible":true,"active":true,"userDisabled":false,"appDisabled":false,"installDate":1510508385984,"updateDate":1510508385984,"applyBackgroundUpdates":1,"bootstrap":true,"path":"C:\\Program Files\\Mozilla Firefox\\browser\\features\\screenshots@mozilla.org.xpi","skinnable":false,"size":714554,"sourceURI":null,"releaseNotesURI":null,"softDisabled":false,"foreignInstall":false,"hasBinaryComponents":false,"strictCompatibility":false,"locales":[],"targetApplications":[{"id":"{ec8030f7-c20a-464f-9b0e-13a3a9e97384}","minVersion":"51.0a1","maxVersion":"*"}],"targetPlatforms":[],"multiprocessCompatible":true,"seen":true,"dependencies":[],"hasEmbeddedWebExtension":false,"mpcOptedOut":false,"userPermissions":null,"icons":{},"iconURL":null,"icon64URL":null,"blocklistState":0,"blocklistURL":null}
1510512608524	addons.xpi	DEBUG	Updating XPIState for {"id":"shield-recipe-client@mozilla.org","syncGUID":"{acee2f8e-3730-4a49-b9c3-d14db44e5f4b}","location":"app-system-defaults","version":"65","type":"extension","internalName":null,"updateURL":null,"updateKey":null,"optionsURL":null,"optionsType":null,"aboutURL":null,"defaultLocale":{"name":"Shield Recipe Client","description":"Client to download and run recipes for SHIELD, Heartbeat, etc.","creator":null,"homepageURL":null},"visible":true,"active":true,"userDisabled":false,"appDisabled":false,"installDate":1510508446136,"updateDate":1510508446136,"applyBackgroundUpdates":1,"bootstrap":true,"path":"C:\\Program Files\\Mozilla Firefox\\browser\\features\\shield-recipe-client@mozilla.org.xpi","skinnable":false,"size":362690,"sourceURI":null,"releaseNotesURI":null,"softDisabled":false,"foreignInstall":false,"hasBinaryComponents":false,"strictCompatibility":false,"locales":[],"targetApplications":[{"id":"{ec8030f7-c20a-464f-9b0e-13a3a9e97384}","minVersion":"56.0.2","maxVersion":"56.*"}],"targetPlatforms":[],"multiprocessCompatible":true,"seen":true,"dependencies":[],"hasEmbeddedWebExtension":false,"mpcOptedOut":false,"userPermissions":null,"icons":{},"iconURL":null,"icon64URL":null,"blocklistState":0,"blocklistURL":null}
1510512608525	addons.xpi	DEBUG	Updating XPIState for {"id":"webcompat@mozilla.org","syncGUID":"{e4036ff6-7e3b-435d-af3d-09a9591dd840}","location":"app-system-defaults","version":"1.1","type":"extension","internalName":null,"updateURL":null,"updateKey":null,"optionsURL":null,"optionsType":null,"aboutURL":null,"defaultLocale":{"name":"Web Compat","description":"Urgent post-release fixes for web compatibility.","creator":null,"homepageURL":null},"visible":true,"active":true,"userDisabled":false,"appDisabled":false,"installDate":1510508446103,"updateDate":1510508446103,"applyBackgroundUpdates":1,"bootstrap":true,"path":"C:\\Program Files\\Mozilla Firefox\\browser\\features\\webcompat@mozilla.org.xpi","skinnable":false,"size":8992,"sourceURI":null,"releaseNotesURI":null,"softDisabled":false,"foreignInstall":false,"hasBinaryComponents":false,"strictCompatibility":false,"locales":[],"targetApplications":[{"id":"{ec8030f7-c20a-464f-9b0e-13a3a9e97384}","minVersion":"56.0.2","maxVersion":"56.*"}],"targetPlatforms":[],"multiprocessCompatible":true,"seen":true,"dependencies":[],"hasEmbeddedWebExtension":false,"mpcOptedOut":false,"userPermissions":null,"icons":{},"iconURL":null,"icon64URL":null,"blocklistState":0,"blocklistURL":null}
1510512608525	addons.xpi	DEBUG	Updating XPIState for {"id":"{972ce4c6-7e08-4474-a285-3208198ce6fd}","syncGUID":"{0af92821-1ee4-4c85-8c92-77c2fc0d08f4}","location":"app-global","version":"56.0.2","type":"theme","internalName":"classic/1.0","updateURL":null,"updateKey":null,"optionsURL":null,"optionsType":null,"optionsBrowserStyle":null,"aboutURL":null,"defaultLocale":{"name":"Default","description":"The default theme.","creator":"Mozilla","homepageURL":null,"contributors":["Mozilla Contributors"]},"visible":true,"active":true,"userDisabled":false,"appDisabled":false,"installDate":1510508446368,"updateDate":1510508446368,"applyBackgroundUpdates":1,"path":"C:\\Program Files\\Mozilla Firefox\\browser\\extensions\\{972ce4c6-7e08-4474-a285-3208198ce6fd}.xpi","skinnable":true,"size":7147,"sourceURI":null,"releaseNotesURI":null,"softDisabled":false,"foreignInstall":false,"hasBinaryComponents":false,"strictCompatibility":true,"locales":[],"targetApplications":[{"id":"{ec8030f7-c20a-464f-9b0e-13a3a9e97384}","minVersion":"56.0.2","maxVersion":"56.0.2"}],"targetPlatforms":[],"seen":true,"dependencies":[],"hasEmbeddedWebExtension":false,"userPermissions":null,"icons":{},"iconURL":"chrome://browser/content/default-theme-icon.svg","icon64URL":null,"blocklistState":0,"blocklistURL":null}
1510512608525	DeferredSave.extensions.json	DEBUG	Save changes
1510512608526	addons.xpi	DEBUG	Updating database with changes to installed add-ons
1510512608526	addons.xpi-utils	DEBUG	Updating add-on states
1510512608531	addons.xpi	DEBUG	Registering manifest for C:\Program Files\Mozilla Firefox\browser\features\activity-stream@mozilla.org.xpi
1510512608532	addons.xpi	DEBUG	Calling bootstrap method startup on activity-stream@mozilla.org version 0.0.0
1510512608533	addons.xpi	DEBUG	Registering manifest for C:\Program Files\Mozilla Firefox\browser\features\aushelper@mozilla.org.xpi
1510512608533	addons.xpi	DEBUG	Calling bootstrap method startup on aushelper@mozilla.org version 2.0
1510512608535	addons.xpi	DEBUG	Registering manifest for C:\Program Files\Mozilla Firefox\browser\features\clicktoplay-rollout@mozilla.org.xpi
1510512608535	addons.xpi	DEBUG	Calling bootstrap method startup on clicktoplay-rollout@mozilla.org version 1.4
1510512608535	addons.xpi	DEBUG	Registering manifest for C:\Program Files\Mozilla Firefox\browser\features\e10srollout@mozilla.org.xpi
1510512608536	addons.xpi	DEBUG	Calling bootstrap method startup on e10srollout@mozilla.org version 3.00
1510512608536	addons.xpi	DEBUG	Registering manifest for C:\Program Files\Mozilla Firefox\browser\features\firefox@getpocket.com.xpi
1510512608537	addons.xpi	DEBUG	Calling bootstrap method startup on firefox@getpocket.com version 1.0.5
1510512608570	addons.xpi	DEBUG	Registering manifest for C:\Program Files\Mozilla Firefox\browser\features\followonsearch@mozilla.com.xpi
1510512608571	addons.xpi	DEBUG	Calling bootstrap method startup on followonsearch@mozilla.com version 0.9.3
1510512608571	addons.xpi	DEBUG	Registering manifest for C:\Program Files\Mozilla Firefox\browser\features\formautofill@mozilla.org.xpi
1510512608572	addons.xpi	DEBUG	Calling bootstrap method startup on formautofill@mozilla.org version 1.0
1510512608572	addons.xpi	DEBUG	Registering manifest for C:\Program Files\Mozilla Firefox\browser\features\onboarding@mozilla.org.xpi
1510512608572	addons.xpi	DEBUG	Calling bootstrap method startup on onboarding@mozilla.org version 0.1
1510512608573	addons.xpi	DEBUG	Registering manifest for C:\Program Files\Mozilla Firefox\browser\features\screenshots@mozilla.org.xpi
1510512608573	addons.xpi	DEBUG	Calling bootstrap method startup on screenshots@mozilla.org version 10.12.0
1510512608574	addons.xpi	DEBUG	Registering manifest for C:\Program Files\Mozilla Firefox\browser\features\shield-recipe-client@mozilla.org.xpi
1510512608574	addons.xpi	DEBUG	Calling bootstrap method startup on shield-recipe-client@mozilla.org version 65
1510512608581	addons.xpi	DEBUG	Registering manifest for C:\Program Files\Mozilla Firefox\browser\features\webcompat@mozilla.org.xpi
1510512608581	addons.xpi	DEBUG	Calling bootstrap method startup on webcompat@mozilla.org version 1.1
1510512608587	addons.manager	DEBUG	Registering shutdown blocker for XPIProvider
1510512608587	addons.manager	DEBUG	Provider finished startup: XPIProvider
1510512608587	addons.manager	DEBUG	Starting provider: LightweightThemeManager
1510512608587	addons.manager	DEBUG	Registering shutdown blocker for LightweightThemeManager
1510512608587	addons.manager	DEBUG	Provider finished startup: LightweightThemeManager
1510512608588	addons.manager	DEBUG	Starting provider: GMPProvider
1510512608594	addons.manager	DEBUG	Registering shutdown blocker for GMPProvider
1510512608595	addons.manager	DEBUG	Provider finished startup: GMPProvider
1510512608595	addons.manager	DEBUG	Starting provider: PluginProvider
1510512608595	addons.manager	DEBUG	Registering shutdown blocker for PluginProvider
1510512608595	addons.manager	DEBUG	Provider finished startup: PluginProvider
1510512608596	addons.manager	DEBUG	Completed startup sequence
1510512609172	Marionette	INFO	Enabled via --marionette
1510512609325	addons.manager	DEBUG	Starting provider: PreviousExperimentProvider
1510512609326	addons.manager	DEBUG	Registering shutdown blocker for PreviousExperimentProvider
1510512609326	addons.manager	DEBUG	Provider finished startup: PreviousExperimentProvider
1510512609327	DeferredSave.extensions.json	DEBUG	Starting write
1510512609590	DeferredSave.webext.sc.lz4	DEBUG	Save changes
1510512609591	DeferredSave.webext.sc.lz4	DEBUG	Starting timer
1510512609623	DeferredSave.webext.sc.lz4	DEBUG	Save changes
1510512609624	DeferredSave.webext.sc.lz4	DEBUG	Save changes
1510512609626	DeferredSave.webext.sc.lz4	DEBUG	Save changes
1510512609628	DeferredSave.webext.sc.lz4	DEBUG	Save changes
1510512609630	DeferredSave.webext.sc.lz4	DEBUG	Save changes
1510512609640	DeferredSave.webext.sc.lz4	DEBUG	Save changes
1510512609643	DeferredSave.webext.sc.lz4	DEBUG	Save changes
1510512609645	DeferredSave.webext.sc.lz4	DEBUG	Save changes
1510512609647	DeferredSave.webext.sc.lz4	DEBUG	Save changes
1510512609648	DeferredSave.webext.sc.lz4	DEBUG	Save changes
1510512609650	DeferredSave.webext.sc.lz4	DEBUG	Save changes
1510512609651	DeferredSave.webext.sc.lz4	DEBUG	Save changes
1510512609652	DeferredSave.webext.sc.lz4	DEBUG	Save changes
1510512609653	DeferredSave.webext.sc.lz4	DEBUG	Save changes
1510512609654	DeferredSave.webext.sc.lz4	DEBUG	Save changes
1510512609655	DeferredSave.webext.sc.lz4	DEBUG	Save changes
1510512609656	DeferredSave.webext.sc.lz4	DEBUG	Save changes
1510512609657	DeferredSave.webext.sc.lz4	DEBUG	Save changes
1510512609658	DeferredSave.webext.sc.lz4	DEBUG	Save changes
1510512609659	DeferredSave.webext.sc.lz4	DEBUG	Save changes
1510512609665	DeferredSave.webext.sc.lz4	DEBUG	Save changes
1510512609666	DeferredSave.webext.sc.lz4	DEBUG	Save changes
1510512609668	DeferredSave.webext.sc.lz4	DEBUG	Save changes
1510512609669	DeferredSave.webext.sc.lz4	DEBUG	Save changes
1510512609670	DeferredSave.webext.sc.lz4	DEBUG	Save changes
1510512609671	DeferredSave.webext.sc.lz4	DEBUG	Save changes
1510512609672	DeferredSave.webext.sc.lz4	DEBUG	Save changes
1510512609674	DeferredSave.webext.sc.lz4	DEBUG	Save changes
1510512609676	DeferredSave.webext.sc.lz4	DEBUG	Save changes
1510512609678	DeferredSave.webext.sc.lz4	DEBUG	Save changes
1510512609679	DeferredSave.webext.sc.lz4	DEBUG	Save changes
1510512609679	DeferredSave.webext.sc.lz4	DEBUG	Save changes
1510512609681	DeferredSave.webext.sc.lz4	DEBUG	Save changes
1510512609683	DeferredSave.webext.sc.lz4	DEBUG	Save changes
1510512609684	DeferredSave.webext.sc.lz4	DEBUG	Save changes
1510512609685	DeferredSave.webext.sc.lz4	DEBUG	Save changes
1510512609686	DeferredSave.webext.sc.lz4	DEBUG	Save changes
1510512609687	DeferredSave.webext.sc.lz4	DEBUG	Save changes
1510512609692	DeferredSave.webext.sc.lz4	DEBUG	Save changes
1510512609695	DeferredSave.webext.sc.lz4	DEBUG	Save changes
1510512609697	DeferredSave.webext.sc.lz4	DEBUG	Save changes
1510512609699	DeferredSave.webext.sc.lz4	DEBUG	Save changes
1510512609700	DeferredSave.webext.sc.lz4	DEBUG	Save changes
1510512609703	DeferredSave.webext.sc.lz4	DEBUG	Save changes
1510512609707	DeferredSave.webext.sc.lz4	DEBUG	Save changes
1510512609708	DeferredSave.webext.sc.lz4	DEBUG	Save changes
1510512609709	DeferredSave.webext.sc.lz4	DEBUG	Save changes
1510512609716	DeferredSave.webext.sc.lz4	DEBUG	Save changes
1510512609720	DeferredSave.extensions.json	DEBUG	Write succeeded
1510512609721	addons.xpi-utils	DEBUG	XPI Database saved, setting schema version preference to 22
1510512610000	DeferredSave.webext.sc.lz4	DEBUG	Save changes
1510512610003	DeferredSave.webext.sc.lz4	DEBUG	Save changes
1510512610066	DeferredSave.webext.sc.lz4	DEBUG	Save changes
1510512610445	DeferredSave.webext.sc.lz4	DEBUG	Save changes
1510512611827	addons.manager	DEBUG	Starting provider: <unnamed-provider>
1510512611827	addons.manager	DEBUG	Registering shutdown blocker for <unnamed-provider>
1510512611827	addons.manager	DEBUG	Provider finished startup: <unnamed-provider>
1510512611829	addons.xpi	INFO	Mapping activity-stream@mozilla.org to C:\Program Files\Mozilla Firefox\browser\features\activity-stream@mozilla.org.xpi
1510512611829	addons.xpi	INFO	Mapping aushelper@mozilla.org to C:\Program Files\Mozilla Firefox\browser\features\aushelper@mozilla.org.xpi
1510512611830	addons.xpi	INFO	Mapping clicktoplay-rollout@mozilla.org to C:\Program Files\Mozilla Firefox\browser\features\clicktoplay-rollout@mozilla.org.xpi
1510512611830	addons.xpi	INFO	Mapping e10srollout@mozilla.org to C:\Program Files\Mozilla Firefox\browser\features\e10srollout@mozilla.org.xpi
1510512611830	addons.xpi	INFO	Mapping firefox@getpocket.com to C:\Program Files\Mozilla Firefox\browser\features\firefox@getpocket.com.xpi
1510512611830	addons.xpi	INFO	Mapping followonsearch@mozilla.com to C:\Program Files\Mozilla Firefox\browser\features\followonsearch@mozilla.com.xpi
1510512611830	addons.xpi	INFO	Mapping formautofill@mozilla.org to C:\Program Files\Mozilla Firefox\browser\features\formautofill@mozilla.org.xpi
1510512611830	addons.xpi	INFO	Mapping onboarding@mozilla.org to C:\Program Files\Mozilla Firefox\browser\features\onboarding@mozilla.org.xpi
1510512611830	addons.xpi	INFO	Mapping screenshots@mozilla.org to C:\Program Files\Mozilla Firefox\browser\features\screenshots@mozilla.org.xpi
1510512611830	addons.xpi	INFO	Mapping shield-recipe-client@mozilla.org to C:\Program Files\Mozilla Firefox\browser\features\shield-recipe-client@mozilla.org.xpi
1510512611830	addons.xpi	INFO	Mapping webcompat@mozilla.org to C:\Program Files\Mozilla Firefox\browser\features\webcompat@mozilla.org.xpi
1510512611831	addons.xpi	DEBUG	Existing add-on activity-stream@mozilla.org in app-system-defaults
1510512611831	addons.xpi	DEBUG	Existing add-on aushelper@mozilla.org in app-system-defaults
1510512611832	addons.xpi	DEBUG	Existing add-on clicktoplay-rollout@mozilla.org in app-system-defaults
1510512611832	addons.xpi	DEBUG	Existing add-on e10srollout@mozilla.org in app-system-defaults
1510512611832	addons.xpi	DEBUG	Existing add-on firefox@getpocket.com in app-system-defaults
1510512611832	addons.xpi	DEBUG	Existing add-on followonsearch@mozilla.com in app-system-defaults
1510512611833	addons.xpi	DEBUG	Existing add-on formautofill@mozilla.org in app-system-defaults
1510512611833	addons.xpi	DEBUG	Existing add-on onboarding@mozilla.org in app-system-defaults
1510512611833	addons.xpi	DEBUG	Existing add-on screenshots@mozilla.org in app-system-defaults
1510512611833	addons.xpi	DEBUG	Existing add-on shield-recipe-client@mozilla.org in app-system-defaults
1510512611834	addons.xpi	DEBUG	Existing add-on webcompat@mozilla.org in app-system-defaults
1510512611834	addons.xpi	INFO	Mapping {972ce4c6-7e08-4474-a285-3208198ce6fd} to C:\Program Files\Mozilla Firefox\browser\extensions\{972ce4c6-7e08-4474-a285-3208198ce6fd}.xpi
1510512611835	addons.xpi	DEBUG	Existing add-on {972ce4c6-7e08-4474-a285-3208198ce6fd} in app-global
1510512611835	addons.xpi	DEBUG	getInstallState changed: false, state: {}
1510512612555	Marionette	INFO	Listening on port 62525
1510512612732	addons.productaddons	INFO	sending request to: https://aus5.mozilla.org/update/3/GMP/56.0.2/20171024165158/WINNT_x86_64-msvc-x64/pl/release/Windows_NT%2010.0.0.0%20(x64)/default/default/update.xml
1510512613373	addons.productaddons	INFO	Completed downloading document
1510512613497	Marionette	WARN	TLS certificate errors will be ignored for this session
1510512613572	addons.productaddons	INFO	downloadXHR File download. status=200
1510512613576	addons.productaddons	INFO	Downloaded file will be saved to C:\Users\Lukasz\AppData\Local\Temp\tmpaddon-328304
1510512613578	Marionette	DEBUG	Register listener.js for window 4294967297
1510512613615	Marionette	DEBUG	Received DOM event "beforeunload" for "about:blank"
1510512614752	DeferredSave.webext.sc.lz4	DEBUG	Starting write
1510512614810	DeferredSave.webext.sc.lz4	DEBUG	Write succeeded
1510512615200	Marionette	DEBUG	Received DOM event "pagehide" for "about:blank"
1510512615201	Marionette	DEBUG	Received DOM event "unload" for "about:blank"
1510512616797	Marionette	DEBUG	Received DOM event "DOMContentLoaded" for "https://allegro.pl/"
1510512617371	addons.productaddons	INFO	downloadXHR File download. status=200
1510512617377	addons.productaddons	INFO	Downloaded file will be saved to C:\Users\Lukasz\AppData\Local\Temp\tmpaddon-49030
1510512617942	Marionette	DEBUG	Received observer notification "outer-window-destroyed" for "4294967305"
1510512617942	Marionette	DEBUG	Received observer notification "outer-window-destroyed" for "4294967306"
1510512618376	Marionette	DEBUG	Received observer notification "outer-window-destroyed" for "4294967307"
1510512618388	Marionette	DEBUG	Received observer notification "outer-window-destroyed" for "4294967308"
1510512619090	Marionette	DEBUG	Received DOM event "pageshow" for "https://allegro.pl/"
1510512619588	Marionette	DEBUG	Received DOM event "beforeunload" for "https://allegro.pl/"
1510512620095	Marionette	DEBUG	Received DOM event "pagehide" for "https://allegro.pl/"
1510512620106	Marionette	DEBUG	Received DOM event "unload" for "https://allegro.pl/"
1510512621305	Marionette	DEBUG	Received observer notification "outer-window-destroyed" for "4294967313"
1510512621306	Marionette	DEBUG	Received observer notification "outer-window-destroyed" for "4294967316"
1510512621307	Marionette	DEBUG	Received observer notification "outer-window-destroyed" for "4294967301"
1510512621308	Marionette	DEBUG	Received observer notification "outer-window-destroyed" for "4294967328"
1510512621308	Marionette	DEBUG	Received observer notification "outer-window-destroyed" for "4294967325"
1510512621309	Marionette	DEBUG	Received observer notification "outer-window-destroyed" for "4294967303"
1510512621310	Marionette	DEBUG	Received observer notification "outer-window-destroyed" for "4294967304"
1510512621311	Marionette	DEBUG	Received observer notification "outer-window-destroyed" for "4294967318"
1510512621311	Marionette	DEBUG	Received observer notification "outer-window-destroyed" for "4294967321"
1510512621312	Marionette	DEBUG	Received observer notification "outer-window-destroyed" for "4294967330"
1510512621421	Marionette	DEBUG	Received DOM event "DOMContentLoaded" for "https://allegro.pl/listing?string=python&order=m&bmatch=ss-base-relevance-floki-5-nga-hcp-cul-1-1-1003"
1510512622102	Marionette	DEBUG	Received observer notification "outer-window-destroyed" for "4294967340"
1510512622102	Marionette	DEBUG	Received observer notification "outer-window-destroyed" for "4294967342"
1510512622332	Marionette	DEBUG	Received observer notification "outer-window-destroyed" for "4294967345"
1510512622334	Marionette	DEBUG	Received observer notification "outer-window-destroyed" for "4294967346"
1510512622767	Marionette	DEBUG	Received DOM event "pageshow" for "https://allegro.pl/listing?string=python&order=m&bmatch=ss-base-relevance-floki-5-nga-hcp-cul-1-1-1003"
1510512622997	Marionette	DEBUG	Received DOM event "beforeunload" for "https://allegro.pl/listing?string=python&order=m&bmatch=ss-base-relevance-floki-5-nga-hcp-cul-1-1-1003"
1510512623452	Marionette	DEBUG	Received DOM event "pagehide" for "https://allegro.pl/listing?string=python&order=m&bmatch=ss-base-relevance-floki-5-nga-hcp-cul-1-1-1003"
1510512623464	Marionette	DEBUG	Received DOM event "unload" for "https://allegro.pl/listing?string=python&order=m&bmatch=ss-base-relevance-floki-5-nga-hcp-cul-1-1-1003"
1510512624608	Marionette	DEBUG	Received DOM event "DOMContentLoaded" for "https://allegro.pl/kategoria/ksiazki-naukowe-i-popularnonaukowe-79455?string=python&order=m&bmatch=ss-base-relevance-floki-5-nga-hcp-cul-1-1-1003"
1510512624614	Marionette	DEBUG	Received observer notification "outer-window-destroyed" for "4294967333"
1510512624615	Marionette	DEBUG	Received observer notification "outer-window-destroyed" for "4294967354"
1510512624616	Marionette	DEBUG	Received observer notification "outer-window-destroyed" for "4294967356"
1510512624616	Marionette	DEBUG	Received observer notification "outer-window-destroyed" for "4294967341"
1510512624617	Marionette	DEBUG	Received observer notification "outer-window-destroyed" for "4294967358"
1510512624617	Marionette	DEBUG	Received observer notification "outer-window-destroyed" for "4294967343"
1510512624617	Marionette	DEBUG	Received observer notification "outer-window-destroyed" for "4294967336"
1510512624619	Marionette	DEBUG	Received observer notification "outer-window-destroyed" for "4294967337"
1510512624620	Marionette	DEBUG	Received observer notification "outer-window-destroyed" for "4294967344"
1510512624620	Marionette	DEBUG	Received observer notification "outer-window-destroyed" for "4294967362"
1510512624620	Marionette	DEBUG	Received observer notification "outer-window-destroyed" for "4294967364"
1510512624620	Marionette	DEBUG	Received observer notification "outer-window-destroyed" for "4294967372"
1510512624621	Marionette	DEBUG	Received observer notification "outer-window-destroyed" for "4294967376"
1510512624621	Marionette	DEBUG	Received observer notification "outer-window-destroyed" for "4294967374"
1510512624621	Marionette	DEBUG	Received observer notification "outer-window-destroyed" for "4294967366"
1510512624621	Marionette	DEBUG	Received observer notification "outer-window-destroyed" for "4294967378"
1510512624621	Marionette	DEBUG	Received observer notification "outer-window-destroyed" for "4294967380"
1510512624622	Marionette	DEBUG	Received observer notification "outer-window-destroyed" for "4294967368"
1510512625030	Marionette	DEBUG	Received observer notification "outer-window-destroyed" for "4294967386"
1510512625031	Marionette	DEBUG	Received observer notification "outer-window-destroyed" for "4294967388"
1510512625268	Marionette	DEBUG	Received observer notification "outer-window-destroyed" for "4294967391"
1510512625272	Marionette	DEBUG	Received observer notification "outer-window-destroyed" for "4294967392"
1510512625688	Marionette	DEBUG	Received DOM event "pageshow" for "https://allegro.pl/kategoria/ksiazki-naukowe-i-popularnonaukowe-79455?string=python&order=m&bmatch=ss-base-relevance-floki-5-nga-hcp-cul-1-1-1003"
1510512625946	Marionette	DEBUG	Received DOM event "beforeunload" for "https://allegro.pl/kategoria/ksiazki-naukowe-i-popularnonaukowe-79455?string=python&order=m&bmatch=ss-base-relevance-floki-5-nga-hcp-cul-1-1-1003"
1510512626012	Marionette	DEBUG	Received DOM event "pagehide" for "https://all1510512906409	addons.xpi	DEBUG	Calling bootstrap method shutdown on webcompat@mozilla.org version 1.1
1510512906410	addons.xpi	DEBUG	Calling bootstrap method shutdown on shield-recipe-client@mozilla.org version 65
1510512906411	addons.xpi	DEBUG	Calling bootstrap method shutdown on screenshots@mozilla.org version 10.12.0
1510512906443	addons.xpi	DEBUG	Calling bootstrap method shutdown on onboarding@mozilla.org version 0.1
1510512906446	addons.xpi	DEBUG	Calling bootstrap method shutdown on formautofill@mozilla.org version 1.0
1510512906447	addons.xpi	DEBUG	Calling bootstrap method shutdown on followonsearch@mozilla.com version 0.9.3
1510512906448	addons.xpi	DEBUG	Calling bootstrap method shutdown on firefox@getpocket.com version 1.0.5
1510512906449	addons.xpi	DEBUG	Calling bootstrap method shutdown on e10srollout@mozilla.org version 3.00
1510512906454	addons.xpi	DEBUG	Calling bootstrap method shutdown on clicktoplay-rollout@mozilla.org version 1.4
1510512906455	addons.xpi	DEBUG	Calling bootstrap method shutdown on aushelper@mozilla.org version 2.0
1510512906457	addons.xpi	DEBUG	Calling bootstrap method shutdown on activity-stream@mozilla.org version 0.0.0
Unable to read VR Path Registry from C:\Users\Lukasz\AppData\Local\openvr\openvrpaths.vrpath
[Parent 5656] WARNING: pipe error: 109: file z:/build/build/src/ipc/chromium/src/chrome/common/ipc_channel_win.cc, line 346
Unable to read VR Path Registry from C:\Users\Lukasz\AppData\Local\openvr\openvrpaths.vrpath
[Child 8508] WARNING: pipe error: 109: file z:/build/build/src/ipc/chromium/src/chrome/common/ipc_channel_win.cc, line 346
[Parent 5656] WARNING: pipe error: 109: file z:/build/build/src/ipc/chromium/src/chrome/common/ipc_channel_win.cc, line 346
[Child 4708] WARNING: pipe error: 109: file z:/build/build/src/ipc/chromium/src/chrome/common/ipc_channel_win.cc, line 346
1510512906682	addons.manager	DEBUG	shutdown
1510512906683	addons.manager	DEBUG	Calling shutdown blocker for XPIProvider
1510512906683	addons.xpi	DEBUG	shutdown
1510512906683	addons.xpi-utils	DEBUG	shutdown
1510512906684	addons.manager	DEBUG	Calling shutdown blocker for LightweightThemeManager
1510512906684	addons.manager	DEBUG	Calling shutdown blocker for GMPProvider
1510512906685	addons.manager	DEBUG	Calling shutdown blocker for PluginProvider
1510512906686	addons.manager	DEBUG	Calling shutdown blocker for PreviousExperimentProvider
1510512906686	addons.manager	DEBUG	Calling shutdown blocker for <unnamed-provider>
1510512906704	addons.manager	DEBUG	Async provider shutdown done

###!!! [Child][MessageChannel::SendAndWait] Error: Channel error: cannot send/recv

utdown on shield-recipe-client@mozilla.org version 65
1510512906478	addons.xpi	DEBUG	Calling bootstrap method shutdown on screenshots@mozilla.org version 10.12.0
1510512906528	addons.xpi	DEBUG	Calling bootstrap method shutdown on onboarding@mozilla.org version 0.1
1510512906530	addons.xpi	DEBUG	Calling bootstrap method shutdown on formautofill@mozilla.org version 1.0
1510512906544	addons.xpi	DEBUG	Calling bootstrap method shutdown on followonsearch@mozilla.com version 0.9.3
1510512906545	addons.xpi	DEBUG	Calling bootstrap method shutdown on firefox@getpocket.com version 1.0.5
1510512906548	addons.xpi	DEBUG	Calling bootstrap method shutdown on e10srollout@mozilla.org version 3.00
1510512906550	addons.xpi	DEBUG	Calling bootstrap method shutdown on clicktoplay-rollout@mozilla.org version 1.4
1510512906552	addons.xpi	DEBUG	Calling bootstrap method shutdown on aushelper@mozilla.org version 2.0
1510512906556	addons.xpi	DEBUG	Calling bootstrap method shutdown on activity-stream@mozilla.org version 0.0.0
Unable to read VR Path Registry from C:\Users\Lukasz\AppData\Local\openvr\openvrpaths.vrpath
[Parent 8236] WARNING: pipe error: 109: file z:/build/build/src/ipc/chromium/src/chrome/common/ipc_channel_win.cc, line 346
1510512906797	addons.manager	DEBUG	shutdown
1510512906798	addons.manager	DEBUG	Calling shutdown blocker for XPIProvider
1510512906799	addons.xpi	DEBUG	shutdown
1510512906799	addons.xpi-utils	DEBUG	shutdown
1510512906799	addons.manager	DEBUG	Calling shutdown blocker for LightweightThemeManager
1510512906800	addons.manager	DEBUG	Calling shutdown blocker for GMPProvider
1510512906801	addons.manager	DEBUG	Calling shutdown blocker for PluginProvider
1510512906802	addons.manager	DEBUG	Calling shutdown blocker for PreviousExperimentProvider
1510512906803	addons.manager	DEBUG	Calling shutdown blocker for <unnamed-provider>
1510512906827	addons.manager	DEBUG	Async provider shutdown done

###!!! [Child][MessageChannel::SendAndWait] Error: Channel error: cannot send/recv

or: cannot send/recv

Unable to read VR Path Registry from C:\Users\Lukasz\AppData\Local\openvr\openvrpaths.vrpath
